/*C28*/SET SCHEMA PUBLIC
INSERT INTO FAN VALUES(31,'FAN0')
COMMIT
INSERT INTO FAN VALUES(32,'FAN1')
COMMIT
INSERT INTO FAN VALUES(33,'FAN2')
COMMIT
INSERT INTO FAN VALUES(34,'FAN3')
COMMIT
INSERT INTO FAN VALUES(35,'FAN4')
COMMIT
/*C26*/SET SCHEMA PUBLIC
INSERT INTO TEAM VALUES(41,'My team')
INSERT INTO TEAM_FAN VALUES(41,31)
INSERT INTO TEAM_FAN VALUES(41,32)
INSERT INTO TEAM_FAN VALUES(41,33)
INSERT INTO TEAM_FAN VALUES(41,34)
INSERT INTO TEAM_FAN VALUES(41,35)
COMMIT
DELETE FROM TEAM_FAN WHERE TEAM_ID=41 AND FANS_ID=31
DELETE FROM TEAM_FAN WHERE TEAM_ID=41 AND FANS_ID=32
DELETE FROM TEAM_FAN WHERE TEAM_ID=41 AND FANS_ID=33
DELETE FROM TEAM_FAN WHERE TEAM_ID=41 AND FANS_ID=34
DELETE FROM TEAM_FAN WHERE TEAM_ID=41 AND FANS_ID=35
DELETE FROM TEAM WHERE ID=41
COMMIT
/*C28*/DELETE FROM FAN WHERE ID=31
COMMIT
DELETE FROM FAN WHERE ID=32
COMMIT
DELETE FROM FAN WHERE ID=33
COMMIT
DELETE FROM FAN WHERE ID=34
COMMIT
DELETE FROM FAN WHERE ID=35
COMMIT
/*C29*/SET SCHEMA PUBLIC
INSERT INTO TEAM VALUES(42,'Team A')
COMMIT
DELETE FROM TEAM WHERE ID=42
COMMIT
/*C33*/SET SCHEMA PUBLIC
INSERT INTO PLAYER VALUES(55,'PLAYER0',NULL,NULL,NULL)
COMMIT
INSERT INTO PLAYER VALUES(56,'PLAYER1',NULL,NULL,NULL)
COMMIT
INSERT INTO PLAYER VALUES(57,'PLAYER2',NULL,NULL,NULL)
COMMIT
INSERT INTO PLAYER VALUES(58,'PLAYER3',NULL,NULL,NULL)
COMMIT
INSERT INTO PLAYER VALUES(59,'PLAYER4',NULL,NULL,NULL)
COMMIT
INSERT INTO PLAYER VALUES(60,'PLAYER5',NULL,NULL,NULL)
COMMIT
INSERT INTO PLAYER VALUES(61,'PLAYER6',NULL,NULL,NULL)
COMMIT
INSERT INTO PLAYER VALUES(62,'PLAYER7',NULL,NULL,NULL)
COMMIT
INSERT INTO PLAYER VALUES(63,'PLAYER8',NULL,NULL,NULL)
COMMIT
INSERT INTO PLAYER VALUES(64,'PLAYER9',NULL,NULL,NULL)
COMMIT
INSERT INTO PLAYER VALUES(65,'PLAYER10',NULL,NULL,NULL)
COMMIT
/*C32*/SET SCHEMA PUBLIC
INSERT INTO TEAM VALUES(43,'My team')
COMMIT
DELETE FROM TEAM WHERE ID=43
COMMIT
/*C33*/DELETE FROM PLAYER WHERE ID=55
COMMIT
DELETE FROM PLAYER WHERE ID=56
COMMIT
DELETE FROM PLAYER WHERE ID=57
COMMIT
DELETE FROM PLAYER WHERE ID=58
COMMIT
DELETE FROM PLAYER WHERE ID=59
COMMIT
DELETE FROM PLAYER WHERE ID=60
COMMIT
DELETE FROM PLAYER WHERE ID=61
COMMIT
DELETE FROM PLAYER WHERE ID=62
COMMIT
DELETE FROM PLAYER WHERE ID=63
COMMIT
DELETE FROM PLAYER WHERE ID=64
COMMIT
DELETE FROM PLAYER WHERE ID=65
COMMIT
/*C35*/SET SCHEMA PUBLIC
INSERT INTO TEAM VALUES(44,'Team A')
COMMIT
DELETE FROM TEAM WHERE ID=44
INSERT INTO TEAM VALUES(44,'Team B')
COMMIT
DELETE FROM TEAM WHERE ID=44
COMMIT
/*C38*/SET SCHEMA PUBLIC
INSERT INTO TEAM VALUES(45,'My team')
COMMIT
INSERT INTO TEAM VALUES(46,'My team')
COMMIT
INSERT INTO TEAM VALUES(47,'My team')
COMMIT
INSERT INTO TEAM VALUES(48,'My team')
COMMIT
INSERT INTO TEAM VALUES(49,'My team')
COMMIT
INSERT INTO TEAM VALUES(50,'My team')
COMMIT
INSERT INTO TEAM VALUES(51,'My team')
COMMIT
INSERT INTO TEAM VALUES(52,'My team')
COMMIT
INSERT INTO TEAM VALUES(53,'My team')
COMMIT
INSERT INTO TEAM VALUES(54,'My team')
COMMIT
DELETE FROM TEAM WHERE ID=45
COMMIT
DELETE FROM TEAM WHERE ID=46
COMMIT
DELETE FROM TEAM WHERE ID=47
COMMIT
DELETE FROM TEAM WHERE ID=48
COMMIT
DELETE FROM TEAM WHERE ID=49
COMMIT
DELETE FROM TEAM WHERE ID=50
COMMIT
DELETE FROM TEAM WHERE ID=51
COMMIT
DELETE FROM TEAM WHERE ID=52
COMMIT
DELETE FROM TEAM WHERE ID=53
COMMIT
DELETE FROM TEAM WHERE ID=54
COMMIT
/*C41*/SET SCHEMA PUBLIC
INSERT INTO TEAM VALUES(55,'My team')
COMMIT
DELETE FROM TEAM WHERE ID=55
COMMIT
/*C45*/SET SCHEMA PUBLIC
INSERT INTO PLAYER VALUES(66,'PLAYER0',NULL,NULL,NULL)
COMMIT
INSERT INTO PLAYER VALUES(67,'PLAYER1',NULL,NULL,NULL)
COMMIT
INSERT INTO PLAYER VALUES(68,'PLAYER2',NULL,NULL,NULL)
COMMIT
INSERT INTO PLAYER VALUES(69,'PLAYER3',NULL,NULL,NULL)
COMMIT
INSERT INTO PLAYER VALUES(70,'PLAYER4',NULL,NULL,NULL)
COMMIT
INSERT INTO PLAYER VALUES(71,'PLAYER5',NULL,NULL,NULL)
COMMIT
INSERT INTO PLAYER VALUES(72,'PLAYER6',NULL,NULL,NULL)
COMMIT
INSERT INTO PLAYER VALUES(73,'PLAYER7',NULL,NULL,NULL)
COMMIT
INSERT INTO PLAYER VALUES(74,'PLAYER8',NULL,NULL,NULL)
COMMIT
INSERT INTO PLAYER VALUES(75,'PLAYER9',NULL,NULL,NULL)
COMMIT
INSERT INTO PLAYER VALUES(76,'PLAYER10',NULL,NULL,NULL)
COMMIT
/*C44*/SET SCHEMA PUBLIC
INSERT INTO TEAM VALUES(56,'My teams')
COMMIT
DELETE FROM TEAM WHERE ID=56
COMMIT
/*C45*/DELETE FROM PLAYER WHERE ID=66
COMMIT
DELETE FROM PLAYER WHERE ID=67
COMMIT
DELETE FROM PLAYER WHERE ID=68
COMMIT
DELETE FROM PLAYER WHERE ID=69
COMMIT
DELETE FROM PLAYER WHERE ID=70
COMMIT
DELETE FROM PLAYER WHERE ID=71
COMMIT
DELETE FROM PLAYER WHERE ID=72
COMMIT
DELETE FROM PLAYER WHERE ID=73
COMMIT
DELETE FROM PLAYER WHERE ID=74
COMMIT
DELETE FROM PLAYER WHERE ID=75
COMMIT
DELETE FROM PLAYER WHERE ID=76
COMMIT
/*C49*/SET SCHEMA PUBLIC
INSERT INTO FAN VALUES(36,'FAN0')
COMMIT
INSERT INTO FAN VALUES(37,'FAN1')
COMMIT
INSERT INTO FAN VALUES(38,'FAN2')
COMMIT
INSERT INTO FAN VALUES(39,'FAN3')
COMMIT
INSERT INTO FAN VALUES(40,'FAN4')
COMMIT
/*C47*/SET SCHEMA PUBLIC
INSERT INTO TEAM VALUES(57,'My team')
INSERT INTO TEAM_FAN VALUES(57,36)
INSERT INTO TEAM_FAN VALUES(57,37)
INSERT INTO TEAM_FAN VALUES(57,38)
INSERT INTO TEAM_FAN VALUES(57,39)
INSERT INTO TEAM_FAN VALUES(57,40)
COMMIT
DELETE FROM TEAM_FAN WHERE TEAM_ID=57 AND FANS_ID=36
DELETE FROM TEAM_FAN WHERE TEAM_ID=57 AND FANS_ID=37
DELETE FROM TEAM_FAN WHERE TEAM_ID=57 AND FANS_ID=38
DELETE FROM TEAM_FAN WHERE TEAM_ID=57 AND FANS_ID=39
DELETE FROM TEAM_FAN WHERE TEAM_ID=57 AND FANS_ID=40
DELETE FROM TEAM WHERE ID=57
COMMIT
/*C49*/DELETE FROM FAN WHERE ID=36
COMMIT
DELETE FROM FAN WHERE ID=37
COMMIT
DELETE FROM FAN WHERE ID=38
COMMIT
DELETE FROM FAN WHERE ID=39
COMMIT
DELETE FROM FAN WHERE ID=40
COMMIT
/*C50*/SET SCHEMA PUBLIC
INSERT INTO DOCUMENT VALUES(7,'787','544554454','544')
COMMIT
DELETE FROM DOCUMENT WHERE ID=7
COMMIT
INSERT INTO DOCUMENT VALUES(8,'787','544554454','544')
COMMIT
DELETE FROM DOCUMENT WHERE ID=8
INSERT INTO DOCUMENT VALUES(8,'787','11111','544')
COMMIT
DELETE FROM DOCUMENT WHERE ID=8
COMMIT
INSERT INTO DOCUMENT VALUES(9,'787','544554454','544')
COMMIT
INSERT INTO DOCUMENT VALUES(10,'787','544554454','544')
COMMIT
INSERT INTO DOCUMENT VALUES(11,'787','544554454','544')
COMMIT
INSERT INTO DOCUMENT VALUES(12,'787','544554454','544')
COMMIT
INSERT INTO DOCUMENT VALUES(13,'787','544554454','544')
COMMIT
INSERT INTO DOCUMENT VALUES(14,'787','544554454','544')
COMMIT
DELETE FROM DOCUMENT WHERE ID=9
COMMIT
DELETE FROM DOCUMENT WHERE ID=10
COMMIT
DELETE FROM DOCUMENT WHERE ID=11
COMMIT
DELETE FROM DOCUMENT WHERE ID=12
COMMIT
DELETE FROM DOCUMENT WHERE ID=13
COMMIT
DELETE FROM DOCUMENT WHERE ID=14
COMMIT
INSERT INTO DOCUMENT VALUES(15,'787','544554454','544')
COMMIT
DELETE FROM DOCUMENT WHERE ID=15
COMMIT
/*C53*/SET SCHEMA PUBLIC
INSERT INTO DOCUMENT VALUES(16,NULL,NULL,'123')
COMMIT
/*C51*/SET SCHEMA PUBLIC
INSERT INTO PLAYER VALUES(77,'Player','Striker',16,NULL)
COMMIT
DELETE FROM PLAYER WHERE ID=77
COMMIT
/*C53*/DELETE FROM DOCUMENT WHERE ID=16
COMMIT
/*C54*/SET SCHEMA PUBLIC
INSERT INTO PLAYER VALUES(78,'Player A',NULL,NULL,NULL)
COMMIT
DELETE FROM PLAYER WHERE ID=78
COMMIT
/*C58*/SET SCHEMA PUBLIC
INSERT INTO TEAM VALUES(58,'Team A')
COMMIT
/*C57*/SET SCHEMA PUBLIC
INSERT INTO PLAYER VALUES(79,'Player','Striker',NULL,58)
COMMIT
DELETE FROM PLAYER WHERE ID=79
COMMIT
/*C58*/DELETE FROM TEAM WHERE ID=58
COMMIT
/*C60*/SET SCHEMA PUBLIC
INSERT INTO PLAYER VALUES(80,'Player A',NULL,NULL,NULL)
COMMIT
DELETE FROM PLAYER WHERE ID=80
INSERT INTO PLAYER VALUES(80,'Player B',NULL,NULL,NULL)
COMMIT
DELETE FROM PLAYER WHERE ID=80
COMMIT
/*C64*/SET SCHEMA PUBLIC
INSERT INTO TEAM VALUES(59,'Team A0')
COMMIT
/*C65*/SET SCHEMA PUBLIC
INSERT INTO DOCUMENT VALUES(17,NULL,NULL,'1230')
COMMIT
/*C63*/SET SCHEMA PUBLIC
INSERT INTO PLAYER VALUES(81,'Player','Striker',17,59)
COMMIT
/*C64*/INSERT INTO TEAM VALUES(60,'Team A1')
COMMIT
/*C65*/INSERT INTO DOCUMENT VALUES(18,NULL,NULL,'1231')
COMMIT
/*C63*/INSERT INTO PLAYER VALUES(82,'Player','Striker',17,59)
COMMIT
/*C64*/INSERT INTO TEAM VALUES(61,'Team A2')
COMMIT
/*C65*/INSERT INTO DOCUMENT VALUES(19,NULL,NULL,'1232')
COMMIT
/*C63*/INSERT INTO PLAYER VALUES(83,'Player','Striker',17,59)
COMMIT
/*C64*/INSERT INTO TEAM VALUES(62,'Team A3')
COMMIT
/*C65*/INSERT INTO DOCUMENT VALUES(20,NULL,NULL,'1233')
COMMIT
/*C63*/INSERT INTO PLAYER VALUES(84,'Player','Striker',17,59)
COMMIT
/*C64*/INSERT INTO TEAM VALUES(63,'Team A4')
COMMIT
/*C65*/INSERT INTO DOCUMENT VALUES(21,NULL,NULL,'1234')
COMMIT
/*C63*/INSERT INTO PLAYER VALUES(85,'Player','Striker',17,59)
COMMIT
DELETE FROM PLAYER WHERE ID=81
COMMIT
DELETE FROM PLAYER WHERE ID=82
COMMIT
DELETE FROM PLAYER WHERE ID=83
COMMIT
DELETE FROM PLAYER WHERE ID=84
COMMIT
DELETE FROM PLAYER WHERE ID=85
COMMIT
/*C64*/DELETE FROM TEAM WHERE ID=59
COMMIT
DELETE FROM TEAM WHERE ID=60
COMMIT
DELETE FROM TEAM WHERE ID=61
COMMIT
DELETE FROM TEAM WHERE ID=62
COMMIT
DELETE FROM TEAM WHERE ID=63
COMMIT
/*C65*/DELETE FROM DOCUMENT WHERE ID=17
COMMIT
DELETE FROM DOCUMENT WHERE ID=18
COMMIT
DELETE FROM DOCUMENT WHERE ID=19
COMMIT
DELETE FROM DOCUMENT WHERE ID=20
COMMIT
DELETE FROM DOCUMENT WHERE ID=21
COMMIT
/*C66*/SET SCHEMA PUBLIC
INSERT INTO PLAYER VALUES(86,'Player','Striker',NULL,NULL)
COMMIT
DELETE FROM PLAYER WHERE ID=86
COMMIT
/*C69*/SET SCHEMA PUBLIC
INSERT INTO FAN VALUES(41,'Fan A')
COMMIT
DELETE FROM FAN WHERE ID=41
COMMIT
